[     138ms] [ERROR] Failed to load resource: the server responded with a status of 500 (Internal Server Error) @ http://localhost:5173/src/index.css?t=1775557606549:0
[   47912ms] [INFO] %cDownload the React DevTools for a better development experience: https://reactjs.org/link/react-devtools font-weight:bold @ http://localhost:5173/node_modules/.vite/deps/chunk-BCXODTBQ.js?v=e988b6e4:21548
[   47961ms] [WARNING] ⚠️ React Router Future Flag Warning: React Router will begin wrapping state updates in `React.startTransition` in v7. You can use the `v7_startTransition` future flag to opt-in early. For more information, see https://reactrouter.com/v6/upgrading/future#v7_starttransition. @ http://localhost:5173/node_modules/.vite/deps/react-router-dom.js?v=e988b6e4:4433
[   47961ms] [WARNING] ⚠️ React Router Future Flag Warning: Relative route resolution within Splat routes is changing in v7. You can use the `v7_relativeSplatPath` future flag to opt-in early. For more information, see https://reactrouter.com/v6/upgrading/future#v7_relativesplatpath. @ http://localhost:5173/node_modules/.vite/deps/react-router-dom.js?v=e988b6e4:4433
[   47987ms] [ERROR] Failed to load resource: the server responded with a status of 500 (Internal Server Error) @ http://localhost:3002/api/Partners?offset=0&limit=1:0
[   47987ms] [ERROR] Failed to load resource: the server responded with a status of 500 (Internal Server Error) @ http://localhost:3002/api/Appointments?offset=0&limit=100&dateFrom=2026-04-07&dateTo=2026-04-07:0
[   47987ms] [ERROR] Failed to load resource: the server responded with a status of 500 (Internal Server Error) @ http://localhost:3002/api/Partners?offset=0&limit=1:0
[   47987ms] [ERROR] Failed to load resource: the server responded with a status of 500 (Internal Server Error) @ http://localhost:3002/api/Appointments?offset=0&limit=100&dateFrom=2026-04-07&dateTo=2026-04-07:0
[   47988ms] [ERROR] Failed to load dashboard stats: Error: API GET /Partners failed (500): {"offset":0,"limit":20,"totalItems":0,"items":[],"aggregates":null,"error":"relation \"companies\" does not exist"}
    at apiFetch (http://localhost:5173/src/lib/api.ts:25:11)
    at async loadStats (http://localhost:5173/src/hooks/useDashboardStats.ts:23:34) @ http://localhost:5173/src/hooks/useDashboardStats.ts:37
[   47988ms] [ERROR] Failed to load today schedule: Error: API GET /Appointments failed (500): {"errorCode":"INTERNAL_ERROR","message":"relation \"companies\" does not exist"}
    at apiFetch (http://localhost:5173/src/lib/api.ts:25:11)
    at async loadTodaySchedule (http://localhost:5173/src/hooks/useTodaySchedule.ts:15:26) @ http://localhost:5173/src/hooks/useTodaySchedule.ts:23
[   47989ms] [ERROR] Failed to load dashboard stats: Error: API GET /Partners failed (500): {"offset":0,"limit":20,"totalItems":0,"items":[],"aggregates":null,"error":"relation \"companies\" does not exist"}
    at apiFetch (http://localhost:5173/src/lib/api.ts:25:11)
    at async loadStats (http://localhost:5173/src/hooks/useDashboardStats.ts:23:34) @ http://localhost:5173/src/hooks/useDashboardStats.ts:37
[   47989ms] [ERROR] Failed to load today schedule: Error: API GET /Appointments failed (500): {"errorCode":"INTERNAL_ERROR","message":"relation \"companies\" does not exist"}
    at apiFetch (http://localhost:5173/src/lib/api.ts:25:11)
    at async loadTodaySchedule (http://localhost:5173/src/hooks/useTodaySchedule.ts:15:26) @ http://localhost:5173/src/hooks/useTodaySchedule.ts:23
