[     481ms] [INFO] %cDownload the React DevTools for a better development experience: https://reactjs.org/link/react-devtools font-weight:bold @ http://localhost:5174/node_modules/.vite/deps/chunk-PJEEZAML.js?v=c31536a8:21550
[     548ms] [WARNING] ⚠️ React Router Future Flag Warning: React Router will begin wrapping state updates in `React.startTransition` in v7. You can use the `v7_startTransition` future flag to opt-in early. For more information, see https://reactrouter.com/v6/upgrading/future#v7_starttransition. @ http://localhost:5174/node_modules/.vite/deps/react-router-dom.js?v=c31536a8:4435
[     548ms] [WARNING] ⚠️ React Router Future Flag Warning: Relative route resolution within Splat routes is changing in v7. You can use the `v7_relativeSplatPath` future flag to opt-in early. For more information, see https://reactrouter.com/v6/upgrading/future#v7_relativesplatpath. @ http://localhost:5174/node_modules/.vite/deps/react-router-dom.js?v=c31536a8:4435
[     671ms] [LOG] [VersionCheck] Build-time version loaded: {version: 0.2.0, gitCommit: 585a5b4d} @ http://localhost:5174/src/hooks/useVersionCheck.ts:46
[     674ms] [LOG] [VersionCheck] Build-time version loaded: {version: 0.2.0, gitCommit: 585a5b4d} @ http://localhost:5174/src/hooks/useVersionCheck.ts:46
[     697ms] [LOG] [VersionCheck] Build-time version loaded: {version: 0.2.0, gitCommit: 585a5b4d} @ http://localhost:5174/src/hooks/useVersionCheck.ts:46
[     697ms] [LOG] [VersionCheck] Check result: {current: 0.2.0, server: 0.2.0, hasUpdate: true, wasDismissed: false} @ http://localhost:5174/src/hooks/useVersionCheck.ts:156
[     697ms] [LOG] [VersionCheck] Build-time version loaded: {version: 0.2.0, gitCommit: 585a5b4d} @ http://localhost:5174/src/hooks/useVersionCheck.ts:46
[     697ms] [LOG] [VersionCheck] Check result: {current: 0.2.0, server: 0.2.0, hasUpdate: true, wasDismissed: false} @ http://localhost:5174/src/hooks/useVersionCheck.ts:156
[     702ms] [LOG] [VersionCheck] Check result: {current: 0.2.0, server: 0.2.0, hasUpdate: true, wasDismissed: false} @ http://localhost:5174/src/hooks/useVersionCheck.ts:156
[   50771ms] [LOG] [VersionCheck] Check result: {current: 0.2.0, server: 0.2.0, hasUpdate: true, wasDismissed: false} @ http://localhost:5174/src/hooks/useVersionCheck.ts:156
[   70974ms] [LOG] [VersionCheck] Check result: {current: 0.2.0, server: 0.2.0, hasUpdate: true, wasDismissed: false} @ http://localhost:5174/src/hooks/useVersionCheck.ts:156
[  232285ms] [LOG] [vite] server connection lost. Polling for restart... @ http://localhost:5174/@vite/client:559
[  232293ms] [ERROR] Failed to load resource: net::ERR_CONNECTION_REFUSED @ http://localhost:5174/:0
[  233297ms] [ERROR] Failed to load resource: net::ERR_CONNECTION_REFUSED @ http://localhost:5174/:0
[  235109ms] [INFO] %cDownload the React DevTools for a better development experience: https://reactjs.org/link/react-devtools font-weight:bold @ http://localhost:5174/node_modules/.vite/deps/chunk-PJEEZAML.js?v=c31536a8:21550
[  235127ms] [WARNING] ⚠️ React Router Future Flag Warning: React Router will begin wrapping state updates in `React.startTransition` in v7. You can use the `v7_startTransition` future flag to opt-in early. For more information, see https://reactrouter.com/v6/upgrading/future#v7_starttransition. @ http://localhost:5174/node_modules/.vite/deps/react-router-dom.js?v=c31536a8:4435
[  235127ms] [WARNING] ⚠️ React Router Future Flag Warning: Relative route resolution within Splat routes is changing in v7. You can use the `v7_relativeSplatPath` future flag to opt-in early. For more information, see https://reactrouter.com/v6/upgrading/future#v7_relativesplatpath. @ http://localhost:5174/node_modules/.vite/deps/react-router-dom.js?v=c31536a8:4435
[  235148ms] [ERROR] Failed to load resource: the server responded with a status of 500 (Internal Server Error) @ http://localhost:3002/api/Auth/me:0
[  235156ms] [ERROR] Failed to load resource: the server responded with a status of 500 (Internal Server Error) @ http://localhost:3002/api/Auth/me:0
[  235332ms] [LOG] [VersionCheck] Build-time version loaded: {version: 0.2.0, gitCommit: 1105cc62} @ http://localhost:5174/src/hooks/useVersionCheck.ts:46
[  235332ms] [LOG] [VersionCheck] Build-time version loaded: {version: 0.2.0, gitCommit: 1105cc62} @ http://localhost:5174/src/hooks/useVersionCheck.ts:46
[  235338ms] [LOG] [VersionCheck] Build-time version loaded: {version: 0.2.0, gitCommit: 1105cc62} @ http://localhost:5174/src/hooks/useVersionCheck.ts:46
[  235339ms] [LOG] [VersionCheck] Check result: {current: 0.2.0, server: 0.2.0, hasUpdate: true, wasDismissed: false} @ http://localhost:5174/src/hooks/useVersionCheck.ts:156
[  235339ms] [LOG] [VersionCheck] Build-time version loaded: {version: 0.2.0, gitCommit: 1105cc62} @ http://localhost:5174/src/hooks/useVersionCheck.ts:46
[  235339ms] [LOG] [VersionCheck] Check result: {current: 0.2.0, server: 0.2.0, hasUpdate: true, wasDismissed: false} @ http://localhost:5174/src/hooks/useVersionCheck.ts:156
[  235339ms] [LOG] [VersionCheck] Check result: {current: 0.2.0, server: 0.2.0, hasUpdate: true, wasDismissed: false} @ http://localhost:5174/src/hooks/useVersionCheck.ts:156
[  256464ms] [INFO] %cDownload the React DevTools for a better development experience: https://reactjs.org/link/react-devtools font-weight:bold @ http://localhost:5174/node_modules/.vite/deps/chunk-PJEEZAML.js?v=c31536a8:21550
[  256496ms] [WARNING] ⚠️ React Router Future Flag Warning: React Router will begin wrapping state updates in `React.startTransition` in v7. You can use the `v7_startTransition` future flag to opt-in early. For more information, see https://reactrouter.com/v6/upgrading/future#v7_starttransition. @ http://localhost:5174/node_modules/.vite/deps/react-router-dom.js?v=c31536a8:4435
[  256496ms] [WARNING] ⚠️ React Router Future Flag Warning: Relative route resolution within Splat routes is changing in v7. You can use the `v7_relativeSplatPath` future flag to opt-in early. For more information, see https://reactrouter.com/v6/upgrading/future#v7_relativesplatpath. @ http://localhost:5174/node_modules/.vite/deps/react-router-dom.js?v=c31536a8:4435
[  256596ms] [LOG] [VersionCheck] Build-time version loaded: {version: 0.2.0, gitCommit: 1105cc62} @ http://localhost:5174/src/hooks/useVersionCheck.ts:46
[  256601ms] [LOG] [VersionCheck] Build-time version loaded: {version: 0.2.0, gitCommit: 1105cc62} @ http://localhost:5174/src/hooks/useVersionCheck.ts:46
[  256616ms] [LOG] [VersionCheck] Build-time version loaded: {version: 0.2.0, gitCommit: 1105cc62} @ http://localhost:5174/src/hooks/useVersionCheck.ts:46
[  256616ms] [LOG] [VersionCheck] Check result: {current: 0.2.0, server: 0.2.0, hasUpdate: true, wasDismissed: false} @ http://localhost:5174/src/hooks/useVersionCheck.ts:156
[  256624ms] [LOG] [VersionCheck] Build-time version loaded: {version: 0.2.0, gitCommit: 1105cc62} @ http://localhost:5174/src/hooks/useVersionCheck.ts:46
[  256624ms] [LOG] [VersionCheck] Check result: {current: 0.2.0, server: 0.2.0, hasUpdate: true, wasDismissed: false} @ http://localhost:5174/src/hooks/useVersionCheck.ts:156
[  256630ms] [LOG] [VersionCheck] Check result: {current: 0.2.0, server: 0.2.0, hasUpdate: true, wasDismissed: false} @ http://localhost:5174/src/hooks/useVersionCheck.ts:156
[  556673ms] [LOG] [VersionCheck] Check result: {current: 0.2.0, server: 0.2.0, hasUpdate: false, wasDismissed: false} @ http://localhost:5174/src/hooks/useVersionCheck.ts:156
[  856669ms] [LOG] [VersionCheck] Check result: {current: 0.2.0, server: 0.2.0, hasUpdate: false, wasDismissed: false} @ http://localhost:5174/src/hooks/useVersionCheck.ts:156
[ 1156669ms] [LOG] [VersionCheck] Check result: {current: 0.2.0, server: 0.2.0, hasUpdate: false, wasDismissed: false} @ http://localhost:5174/src/hooks/useVersionCheck.ts:156
[ 1254972ms] [LOG] [VersionCheck] Build-time version loaded: {version: 0.2.0, gitCommit: 1105cc62} @ http://localhost:5174/src/hooks/useVersionCheck.ts:46
[ 1254972ms] [LOG] [VersionCheck] Build-time version loaded: {version: 0.2.0, gitCommit: 1105cc62} @ http://localhost:5174/src/hooks/useVersionCheck.ts:46
[ 1254977ms] [LOG] [VersionCheck] Build-time version loaded: {version: 0.2.0, gitCommit: 1105cc62} @ http://localhost:5174/src/hooks/useVersionCheck.ts:46
[ 1254978ms] [LOG] [VersionCheck] Check result: {current: 0.2.0, server: 0.2.0, hasUpdate: false, wasDismissed: false} @ http://localhost:5174/src/hooks/useVersionCheck.ts:156
[ 1254978ms] [LOG] [VersionCheck] Build-time version loaded: {version: 0.2.0, gitCommit: 1105cc62} @ http://localhost:5174/src/hooks/useVersionCheck.ts:46
[ 1254978ms] [LOG] [VersionCheck] Check result: {current: 0.2.0, server: 0.2.0, hasUpdate: false, wasDismissed: false} @ http://localhost:5174/src/hooks/useVersionCheck.ts:156
[ 1254978ms] [LOG] [VersionCheck] Check result: {current: 0.2.0, server: 0.2.0, hasUpdate: false, wasDismissed: false} @ http://localhost:5174/src/hooks/useVersionCheck.ts:156
[ 1315091ms] [LOG] [VersionCheck] Build-time version loaded: {version: 0.2.0, gitCommit: 1105cc62} @ http://localhost:5174/src/hooks/useVersionCheck.ts:46
[ 1315093ms] [LOG] [VersionCheck] Check result: {current: 0.2.0, server: 0.2.0, hasUpdate: true, wasDismissed: false} @ http://localhost:5174/src/hooks/useVersionCheck.ts:156
[ 1315097ms] [LOG] [VersionCheck] Check result: {current: 0.2.0, server: 0.2.0, hasUpdate: true, wasDismissed: false} @ http://localhost:5174/src/hooks/useVersionCheck.ts:156
[ 1391276ms] [LOG] [VersionCheck] Build-time version loaded: {version: 0.2.0, gitCommit: 1105cc62} @ http://localhost:5174/src/hooks/useVersionCheck.ts:46
[ 1391325ms] [LOG] [VersionCheck] Check result: {current: 0.2.0, server: 0.2.0, hasUpdate: true, wasDismissed: false} @ http://localhost:5174/src/hooks/useVersionCheck.ts:156
[ 1391325ms] [LOG] [VersionCheck] Check result: {current: 0.2.0, server: 0.2.0, hasUpdate: true, wasDismissed: false} @ http://localhost:5174/src/hooks/useVersionCheck.ts:156
[ 1417301ms] [INFO] %cDownload the React DevTools for a better development experience: https://reactjs.org/link/react-devtools font-weight:bold @ http://localhost:5174/node_modules/.vite/deps/chunk-PJEEZAML.js?v=c31536a8:21550
[ 1417335ms] [WARNING] ⚠️ React Router Future Flag Warning: React Router will begin wrapping state updates in `React.startTransition` in v7. You can use the `v7_startTransition` future flag to opt-in early. For more information, see https://reactrouter.com/v6/upgrading/future#v7_starttransition. @ http://localhost:5174/node_modules/.vite/deps/react-router-dom.js?v=c31536a8:4435
[ 1417336ms] [WARNING] ⚠️ React Router Future Flag Warning: Relative route resolution within Splat routes is changing in v7. You can use the `v7_relativeSplatPath` future flag to opt-in early. For more information, see https://reactrouter.com/v6/upgrading/future#v7_relativesplatpath. @ http://localhost:5174/node_modules/.vite/deps/react-router-dom.js?v=c31536a8:4435
[ 1417394ms] [LOG] [VersionCheck] Build-time version loaded: {version: 0.2.0, gitCommit: 1105cc62} @ http://localhost:5174/src/hooks/useVersionCheck.ts:46
[ 1417395ms] [LOG] [VersionCheck] Build-time version loaded: {version: 0.2.0, gitCommit: 1105cc62} @ http://localhost:5174/src/hooks/useVersionCheck.ts:46
[ 1417402ms] [LOG] [VersionCheck] Build-time version loaded: {version: 0.2.0, gitCommit: 1105cc62} @ http://localhost:5174/src/hooks/useVersionCheck.ts:46
[ 1417402ms] [LOG] [VersionCheck] Check result: {current: 0.2.0, server: 0.2.0, hasUpdate: true, wasDismissed: false} @ http://localhost:5174/src/hooks/useVersionCheck.ts:156
[ 1417402ms] [LOG] [VersionCheck] Build-time version loaded: {version: 0.2.0, gitCommit: 1105cc62} @ http://localhost:5174/src/hooks/useVersionCheck.ts:46
[ 1417402ms] [LOG] [VersionCheck] Check result: {current: 0.2.0, server: 0.2.0, hasUpdate: true, wasDismissed: false} @ http://localhost:5174/src/hooks/useVersionCheck.ts:156
[ 1417402ms] [LOG] [VersionCheck] Check result: {current: 0.2.0, server: 0.2.0, hasUpdate: true, wasDismissed: false} @ http://localhost:5174/src/hooks/useVersionCheck.ts:156
[ 1417663ms] [LOG] [VersionCheck] Build-time version loaded: {version: 0.2.0, gitCommit: 1105cc62} @ http://localhost:5174/src/hooks/useVersionCheck.ts:46
[ 1417665ms] [LOG] [VersionCheck] Check result: {current: 0.2.0, server: 0.2.0, hasUpdate: true, wasDismissed: false} @ http://localhost:5174/src/hooks/useVersionCheck.ts:156
[ 1417665ms] [LOG] [VersionCheck] Check result: {current: 0.2.0, server: 0.2.0, hasUpdate: true, wasDismissed: false} @ http://localhost:5174/src/hooks/useVersionCheck.ts:156
[ 1429182ms] [LOG] [VersionCheck] Build-time version loaded: {version: 0.2.0, gitCommit: 1105cc62} @ http://localhost:5174/src/hooks/useVersionCheck.ts:46
[ 1429184ms] [LOG] [VersionCheck] Check result: {current: 0.2.0, server: 0.2.0, hasUpdate: true, wasDismissed: false} @ http://localhost:5174/src/hooks/useVersionCheck.ts:156
[ 1429185ms] [LOG] [VersionCheck] Check result: {current: 0.2.0, server: 0.2.0, hasUpdate: true, wasDismissed: false} @ http://localhost:5174/src/hooks/useVersionCheck.ts:156
[ 1510538ms] [INFO] %cDownload the React DevTools for a better development experience: https://reactjs.org/link/react-devtools font-weight:bold @ http://localhost:5174/node_modules/.vite/deps/chunk-PJEEZAML.js?v=c31536a8:21550
[ 1510551ms] [WARNING] ⚠️ React Router Future Flag Warning: React Router will begin wrapping state updates in `React.startTransition` in v7. You can use the `v7_startTransition` future flag to opt-in early. For more information, see https://reactrouter.com/v6/upgrading/future#v7_starttransition. @ http://localhost:5174/node_modules/.vite/deps/react-router-dom.js?v=c31536a8:4435
[ 1510551ms] [WARNING] ⚠️ React Router Future Flag Warning: Relative route resolution within Splat routes is changing in v7. You can use the `v7_relativeSplatPath` future flag to opt-in early. For more information, see https://reactrouter.com/v6/upgrading/future#v7_relativesplatpath. @ http://localhost:5174/node_modules/.vite/deps/react-router-dom.js?v=c31536a8:4435
[ 1510597ms] [LOG] [VersionCheck] Build-time version loaded: {version: 0.2.0, gitCommit: 1105cc62} @ http://localhost:5174/src/hooks/useVersionCheck.ts:46
[ 1510597ms] [LOG] [VersionCheck] Build-time version loaded: {version: 0.2.0, gitCommit: 1105cc62} @ http://localhost:5174/src/hooks/useVersionCheck.ts:46
[ 1510603ms] [LOG] [VersionCheck] Build-time version loaded: {version: 0.2.0, gitCommit: 1105cc62} @ http://localhost:5174/src/hooks/useVersionCheck.ts:46
[ 1510603ms] [LOG] [VersionCheck] Check result: {current: 0.2.0, server: 0.2.0, hasUpdate: true, wasDismissed: false} @ http://localhost:5174/src/hooks/useVersionCheck.ts:156
[ 1510603ms] [LOG] [VersionCheck] Build-time version loaded: {version: 0.2.0, gitCommit: 1105cc62} @ http://localhost:5174/src/hooks/useVersionCheck.ts:46
[ 1510603ms] [LOG] [VersionCheck] Check result: {current: 0.2.0, server: 0.2.0, hasUpdate: true, wasDismissed: false} @ http://localhost:5174/src/hooks/useVersionCheck.ts:156
[ 1510605ms] [LOG] [VersionCheck] Check result: {current: 0.2.0, server: 0.2.0, hasUpdate: true, wasDismissed: false} @ http://localhost:5174/src/hooks/useVersionCheck.ts:156
[ 1810612ms] [LOG] [VersionCheck] Check result: {current: 0.2.0, server: 0.2.0, hasUpdate: true, wasDismissed: false} @ http://localhost:5174/src/hooks/useVersionCheck.ts:156
[ 2092426ms] Error: useAuth must be used within an AuthProvider
    at useAuth (http://localhost:5174/src/contexts/AuthContext.tsx:119:11)
    at ProtectedRoute (http://localhost:5174/src/App.tsx?t=1775640402531:106:57)
    at renderWithHooks (http://localhost:5174/node_modules/.vite/deps/chunk-PJEEZAML.js?v=c31536a8:11548:26)
    at mountIndeterminateComponent (http://localhost:5174/node_modules/.vite/deps/chunk-PJEEZAML.js?v=c31536a8:14926:21)
    at beginWork (http://localhost:5174/node_modules/.vite/deps/chunk-PJEEZAML.js?v=c31536a8:15914:22)
    at HTMLUnknownElement.callCallback2 (http://localhost:5174/node_modules/.vite/deps/chunk-PJEEZAML.js?v=c31536a8:3674:22)
    at Object.invokeGuardedCallbackDev (http://localhost:5174/node_modules/.vite/deps/chunk-PJEEZAML.js?v=c31536a8:3699:24)
    at invokeGuardedCallback (http://localhost:5174/node_modules/.vite/deps/chunk-PJEEZAML.js?v=c31536a8:3733:39)
    at beginWork$1 (http://localhost:5174/node_modules/.vite/deps/chunk-PJEEZAML.js?v=c31536a8:19765:15)
    at performUnitOfWork (http://localhost:5174/node_modules/.vite/deps/chunk-PJEEZAML.js?v=c31536a8:19198:20)
[ 2092434ms] Error: useAuth must be used within an AuthProvider
    at useAuth (http://localhost:5174/src/contexts/AuthContext.tsx:119:11)
    at ProtectedRoute (http://localhost:5174/src/App.tsx?t=1775640402531:106:57)
    at renderWithHooks (http://localhost:5174/node_modules/.vite/deps/chunk-PJEEZAML.js?v=c31536a8:11548:26)
    at mountIndeterminateComponent (http://localhost:5174/node_modules/.vite/deps/chunk-PJEEZAML.js?v=c31536a8:14926:21)
    at beginWork (http://localhost:5174/node_modules/.vite/deps/chunk-PJEEZAML.js?v=c31536a8:15914:22)
    at HTMLUnknownElement.callCallback2 (http://localhost:5174/node_modules/.vite/deps/chunk-PJEEZAML.js?v=c31536a8:3674:22)
    at Object.invokeGuardedCallbackDev (http://localhost:5174/node_modules/.vite/deps/chunk-PJEEZAML.js?v=c31536a8:3699:24)
    at invokeGuardedCallback (http://localhost:5174/node_modules/.vite/deps/chunk-PJEEZAML.js?v=c31536a8:3733:39)
    at beginWork$1 (http://localhost:5174/node_modules/.vite/deps/chunk-PJEEZAML.js?v=c31536a8:19765:15)
    at performUnitOfWork (http://localhost:5174/node_modules/.vite/deps/chunk-PJEEZAML.js?v=c31536a8:19198:20)
[ 2092419ms] [ERROR] The above error occurred in the <ProtectedRoute> component:

    at ProtectedRoute (http://localhost:5174/src/App.tsx?t=1775640402531:104:27)
    at RenderedRoute (http://localhost:5174/node_modules/.vite/deps/react-router-dom.js?v=c31536a8:4131:5)
    at Routes (http://localhost:5174/node_modules/.vite/deps/react-router-dom.js?v=c31536a8:4601:5)
    at LocationProvider (http://localhost:5174/src/contexts/LocationContext.tsx:20:36)
    at TimezoneProvider (http://localhost:5174/src/contexts/TimezoneContext.tsx:35:36)
    at AuthProvider (http://localhost:5174/src/contexts/AuthContext.tsx?t=1775641031977:31:32)
    at App
    at Router (http://localhost:5174/node_modules/.vite/deps/react-router-dom.js?v=c31536a8:4544:15)
    at BrowserRouter (http://localhost:5174/node_modules/.vite/deps/react-router-dom.js?v=c31536a8:5290:5)

Consider adding an error boundary to your tree to customize error handling behavior.
Visit https://reactjs.org/link/error-boundaries to learn more about error boundaries. @ http://localhost:5174/node_modules/.vite/deps/chunk-PJEEZAML.js?v=c31536a8:14031
[ 2092435ms] Error: useAuth must be used within an AuthProvider
    at useAuth (http://localhost:5174/src/contexts/AuthContext.tsx:119:11)
    at ProtectedRoute (http://localhost:5174/src/App.tsx?t=1775640402531:106:57)
    at renderWithHooks (http://localhost:5174/node_modules/.vite/deps/chunk-PJEEZAML.js?v=c31536a8:11548:26)
    at mountIndeterminateComponent (http://localhost:5174/node_modules/.vite/deps/chunk-PJEEZAML.js?v=c31536a8:14926:21)
    at beginWork (http://localhost:5174/node_modules/.vite/deps/chunk-PJEEZAML.js?v=c31536a8:15914:22)
    at beginWork$1 (http://localhost:5174/node_modules/.vite/deps/chunk-PJEEZAML.js?v=c31536a8:19753:22)
    at performUnitOfWork (http://localhost:5174/node_modules/.vite/deps/chunk-PJEEZAML.js?v=c31536a8:19198:20)
    at workLoopSync (http://localhost:5174/node_modules/.vite/deps/chunk-PJEEZAML.js?v=c31536a8:19137:13)
    at renderRootSync (http://localhost:5174/node_modules/.vite/deps/chunk-PJEEZAML.js?v=c31536a8:19116:15)
    at recoverFromConcurrentError (http://localhost:5174/node_modules/.vite/deps/chunk-PJEEZAML.js?v=c31536a8:18736:28)
[ 2092595ms] [LOG] [VersionCheck] Build-time version loaded: {version: 0.2.0, gitCommit: 1105cc62} @ http://localhost:5174/src/hooks/useVersionCheck.ts:46
[ 2092595ms] [LOG] [VersionCheck] Build-time version loaded: {version: 0.2.0, gitCommit: 1105cc62} @ http://localhost:5174/src/hooks/useVersionCheck.ts:46
[ 2092599ms] [LOG] [VersionCheck] Build-time version loaded: {version: 0.2.0, gitCommit: 1105cc62} @ http://localhost:5174/src/hooks/useVersionCheck.ts:46
[ 2092599ms] [LOG] [VersionCheck] Check result: {current: 0.2.0, server: 0.3.0, hasUpdate: true, wasDismissed: false} @ http://localhost:5174/src/hooks/useVersionCheck.ts:156
[ 2092599ms] [LOG] [VersionCheck] Build-time version loaded: {version: 0.2.0, gitCommit: 1105cc62} @ http://localhost:5174/src/hooks/useVersionCheck.ts:46
[ 2092599ms] [LOG] [VersionCheck] Check result: {current: 0.2.0, server: 0.3.0, hasUpdate: true, wasDismissed: false} @ http://localhost:5174/src/hooks/useVersionCheck.ts:156
[ 2092599ms] [LOG] [VersionCheck] Check result: {current: 0.2.0, server: 0.3.0, hasUpdate: true, wasDismissed: false} @ http://localhost:5174/src/hooks/useVersionCheck.ts:156
[ 2218010ms] Error: useAuth must be used within an AuthProvider
    at useAuth (http://localhost:5174/src/contexts/AuthContext.tsx?t=1775641031977:119:11)
    at ProtectedRoute (http://localhost:5174/src/App.tsx?t=1775641031977:106:57)
    at renderWithHooks (http://localhost:5174/node_modules/.vite/deps/chunk-PJEEZAML.js?v=c31536a8:11548:26)
    at mountIndeterminateComponent (http://localhost:5174/node_modules/.vite/deps/chunk-PJEEZAML.js?v=c31536a8:14926:21)
    at beginWork (http://localhost:5174/node_modules/.vite/deps/chunk-PJEEZAML.js?v=c31536a8:15914:22)
    at HTMLUnknownElement.callCallback2 (http://localhost:5174/node_modules/.vite/deps/chunk-PJEEZAML.js?v=c31536a8:3674:22)
    at Object.invokeGuardedCallbackDev (http://localhost:5174/node_modules/.vite/deps/chunk-PJEEZAML.js?v=c31536a8:3699:24)
    at invokeGuardedCallback (http://localhost:5174/node_modules/.vite/deps/chunk-PJEEZAML.js?v=c31536a8:3733:39)
    at beginWork$1 (http://localhost:5174/node_modules/.vite/deps/chunk-PJEEZAML.js?v=c31536a8:19765:15)
    at performUnitOfWork (http://localhost:5174/node_modules/.vite/deps/chunk-PJEEZAML.js?v=c31536a8:19198:20)
[ 2218012ms] Error: useAuth must be used within an AuthProvider
    at useAuth (http://localhost:5174/src/contexts/AuthContext.tsx?t=1775641031977:119:11)
    at ProtectedRoute (http://localhost:5174/src/App.tsx?t=1775641031977:106:57)
    at renderWithHooks (http://localhost:5174/node_modules/.vite/deps/chunk-PJEEZAML.js?v=c31536a8:11548:26)
    at mountIndeterminateComponent (http://localhost:5174/node_modules/.vite/deps/chunk-PJEEZAML.js?v=c31536a8:14926:21)
    at beginWork (http://localhost:5174/node_modules/.vite/deps/chunk-PJEEZAML.js?v=c31536a8:15914:22)
    at HTMLUnknownElement.callCallback2 (http://localhost:5174/node_modules/.vite/deps/chunk-PJEEZAML.js?v=c31536a8:3674:22)
    at Object.invokeGuardedCallbackDev (http://localhost:5174/node_modules/.vite/deps/chunk-PJEEZAML.js?v=c31536a8:3699:24)
    at invokeGuardedCallback (http://localhost:5174/node_modules/.vite/deps/chunk-PJEEZAML.js?v=c31536a8:3733:39)
    at beginWork$1 (http://localhost:5174/node_modules/.vite/deps/chunk-PJEEZAML.js?v=c31536a8:19765:15)
    at performUnitOfWork (http://localhost:5174/node_modules/.vite/deps/chunk-PJEEZAML.js?v=c31536a8:19198:20)
[ 2218008ms] [ERROR] The above error occurred in the <ProtectedRoute> component:

    at ProtectedRoute (http://localhost:5174/src/App.tsx?t=1775641031977:104:27)
    at RenderedRoute (http://localhost:5174/node_modules/.vite/deps/react-router-dom.js?v=c31536a8:4131:5)
    at Routes (http://localhost:5174/node_modules/.vite/deps/react-router-dom.js?v=c31536a8:4601:5)
    at LocationProvider (http://localhost:5174/src/contexts/LocationContext.tsx:20:36)
    at TimezoneProvider (http://localhost:5174/src/contexts/TimezoneContext.tsx:35:36)
    at AuthProvider (http://localhost:5174/src/contexts/AuthContext.tsx?t=1775641157593:31:32)
    at App
    at Router (http://localhost:5174/node_modules/.vite/deps/react-router-dom.js?v=c31536a8:4544:15)
    at BrowserRouter (http://localhost:5174/node_modules/.vite/deps/react-router-dom.js?v=c31536a8:5290:5)

Consider adding an error boundary to your tree to customize error handling behavior.
Visit https://reactjs.org/link/error-boundaries to learn more about error boundaries. @ http://localhost:5174/node_modules/.vite/deps/chunk-PJEEZAML.js?v=c31536a8:14031
[ 2218013ms] Error: useAuth must be used within an AuthProvider
    at useAuth (http://localhost:5174/src/contexts/AuthContext.tsx?t=1775641031977:119:11)
    at ProtectedRoute (http://localhost:5174/src/App.tsx?t=1775641031977:106:57)
    at renderWithHooks (http://localhost:5174/node_modules/.vite/deps/chunk-PJEEZAML.js?v=c31536a8:11548:26)
    at mountIndeterminateComponent (http://localhost:5174/node_modules/.vite/deps/chunk-PJEEZAML.js?v=c31536a8:14926:21)
    at beginWork (http://localhost:5174/node_modules/.vite/deps/chunk-PJEEZAML.js?v=c31536a8:15914:22)
    at beginWork$1 (http://localhost:5174/node_modules/.vite/deps/chunk-PJEEZAML.js?v=c31536a8:19753:22)
    at performUnitOfWork (http://localhost:5174/node_modules/.vite/deps/chunk-PJEEZAML.js?v=c31536a8:19198:20)
    at workLoopSync (http://localhost:5174/node_modules/.vite/deps/chunk-PJEEZAML.js?v=c31536a8:19137:13)
    at renderRootSync (http://localhost:5174/node_modules/.vite/deps/chunk-PJEEZAML.js?v=c31536a8:19116:15)
    at recoverFromConcurrentError (http://localhost:5174/node_modules/.vite/deps/chunk-PJEEZAML.js?v=c31536a8:18736:28)
[ 2218160ms] [LOG] [VersionCheck] Build-time version loaded: {version: 0.2.0, gitCommit: 1105cc62} @ http://localhost:5174/src/hooks/useVersionCheck.ts:46
[ 2218160ms] [LOG] [VersionCheck] Build-time version loaded: {version: 0.2.0, gitCommit: 1105cc62} @ http://localhost:5174/src/hooks/useVersionCheck.ts:46
[ 2218163ms] [LOG] [VersionCheck] Build-time version loaded: {version: 0.2.0, gitCommit: 1105cc62} @ http://localhost:5174/src/hooks/useVersionCheck.ts:46
[ 2218163ms] [LOG] [VersionCheck] Check result: {current: 0.2.0, server: 0.3.0, hasUpdate: true, wasDismissed: false} @ http://localhost:5174/src/hooks/useVersionCheck.ts:156
[ 2218163ms] [LOG] [VersionCheck] Build-time version loaded: {version: 0.2.0, gitCommit: 1105cc62} @ http://localhost:5174/src/hooks/useVersionCheck.ts:46
[ 2218163ms] [LOG] [VersionCheck] Check result: {current: 0.2.0, server: 0.3.0, hasUpdate: true, wasDismissed: false} @ http://localhost:5174/src/hooks/useVersionCheck.ts:156
[ 2218163ms] [LOG] [VersionCheck] Check result: {current: 0.2.0, server: 0.3.0, hasUpdate: true, wasDismissed: false} @ http://localhost:5174/src/hooks/useVersionCheck.ts:156
[ 2465709ms] [LOG] [VersionCheck] Build-time version loaded: {version: 0.2.0, gitCommit: 1105cc62} @ http://localhost:5174/src/hooks/useVersionCheck.ts:46
[ 2465719ms] [LOG] [VersionCheck] Check result: {current: 0.2.0, server: 0.3.0, hasUpdate: true, wasDismissed: false} @ http://localhost:5174/src/hooks/useVersionCheck.ts:156
[ 2465723ms] [LOG] [VersionCheck] Check result: {current: 0.2.0, server: 0.3.0, hasUpdate: true, wasDismissed: false} @ http://localhost:5174/src/hooks/useVersionCheck.ts:156
[ 2485301ms] [LOG] [VersionCheck] Build-time version loaded: {version: 0.2.0, gitCommit: 1105cc62} @ http://localhost:5174/src/hooks/useVersionCheck.ts:46
[ 2485304ms] [LOG] [VersionCheck] Build-time version loaded: {version: 0.2.0, gitCommit: 1105cc62} @ http://localhost:5174/src/hooks/useVersionCheck.ts:46
[ 2485328ms] [LOG] [VersionCheck] Build-time version loaded: {version: 0.2.0, gitCommit: 1105cc62} @ http://localhost:5174/src/hooks/useVersionCheck.ts:46
[ 2485328ms] [LOG] [VersionCheck] Check result: {current: 0.2.0, server: 0.3.0, hasUpdate: true, wasDismissed: false} @ http://localhost:5174/src/hooks/useVersionCheck.ts:156
[ 2485328ms] [LOG] [VersionCheck] Build-time version loaded: {version: 0.2.0, gitCommit: 1105cc62} @ http://localhost:5174/src/hooks/useVersionCheck.ts:46
[ 2485328ms] [LOG] [VersionCheck] Check result: {current: 0.2.0, server: 0.3.0, hasUpdate: true, wasDismissed: false} @ http://localhost:5174/src/hooks/useVersionCheck.ts:156
[ 2485332ms] [LOG] [VersionCheck] Check result: {current: 0.2.0, server: 0.3.0, hasUpdate: true, wasDismissed: false} @ http://localhost:5174/src/hooks/useVersionCheck.ts:156
[ 2493769ms] [LOG] [VersionCheck] Build-time version loaded: {version: 0.2.0, gitCommit: 1105cc62} @ http://localhost:5174/src/hooks/useVersionCheck.ts:46
[ 2493774ms] [LOG] [VersionCheck] Check result: {current: 0.2.0, server: 0.3.0, hasUpdate: true, wasDismissed: false} @ http://localhost:5174/src/hooks/useVersionCheck.ts:156
[ 2493775ms] [LOG] [VersionCheck] Check result: {current: 0.2.0, server: 0.3.0, hasUpdate: true, wasDismissed: false} @ http://localhost:5174/src/hooks/useVersionCheck.ts:156
[ 2519611ms] [LOG] [VersionCheck] Build-time version loaded: {version: 0.2.0, gitCommit: 1105cc62} @ http://localhost:5174/src/hooks/useVersionCheck.ts:46
[ 2519623ms] [LOG] [VersionCheck] Check result: {current: 0.2.0, server: 0.3.0, hasUpdate: true, wasDismissed: false} @ http://localhost:5174/src/hooks/useVersionCheck.ts:156
[ 2519624ms] [LOG] [VersionCheck] Check result: {current: 0.2.0, server: 0.3.0, hasUpdate: true, wasDismissed: false} @ http://localhost:5174/src/hooks/useVersionCheck.ts:156
[ 2546743ms] [LOG] [VersionCheck] Build-time version loaded: {version: 0.2.0, gitCommit: 1105cc62} @ http://localhost:5174/src/hooks/useVersionCheck.ts:46
[ 2546751ms] [LOG] [VersionCheck] Check result: {current: 0.2.0, server: 0.3.0, hasUpdate: true, wasDismissed: false} @ http://localhost:5174/src/hooks/useVersionCheck.ts:156
[ 2546751ms] [LOG] [VersionCheck] Check result: {current: 0.2.0, server: 0.3.0, hasUpdate: true, wasDismissed: false} @ http://localhost:5174/src/hooks/useVersionCheck.ts:156
[ 2566558ms] [LOG] [VersionCheck] Build-time version loaded: {version: 0.2.0, gitCommit: 1105cc62} @ http://localhost:5174/src/hooks/useVersionCheck.ts:46
[ 2566563ms] [LOG] [VersionCheck] Check result: {current: 0.2.0, server: 0.3.0, hasUpdate: true, wasDismissed: false} @ http://localhost:5174/src/hooks/useVersionCheck.ts:156
[ 2566564ms] [LOG] [VersionCheck] Check result: {current: 0.2.0, server: 0.3.0, hasUpdate: true, wasDismissed: false} @ http://localhost:5174/src/hooks/useVersionCheck.ts:156
[ 2866579ms] [LOG] [VersionCheck] Check result: {current: 0.2.0, server: 0.3.0, hasUpdate: true, wasDismissed: false} @ http://localhost:5174/src/hooks/useVersionCheck.ts:156
[ 3166581ms] [LOG] [VersionCheck] Check result: {current: 0.2.0, server: 0.3.0, hasUpdate: true, wasDismissed: false} @ http://localhost:5174/src/hooks/useVersionCheck.ts:156
[ 3466592ms] [LOG] [VersionCheck] Check result: {current: 0.2.0, server: 0.3.0, hasUpdate: true, wasDismissed: false} @ http://localhost:5174/src/hooks/useVersionCheck.ts:156
[ 3766595ms] [LOG] [VersionCheck] Check result: {current: 0.2.0, server: 0.3.0, hasUpdate: true, wasDismissed: false} @ http://localhost:5174/src/hooks/useVersionCheck.ts:156
[ 4066607ms] [LOG] [VersionCheck] Check result: {current: 0.2.0, server: 0.3.0, hasUpdate: true, wasDismissed: false} @ http://localhost:5174/src/hooks/useVersionCheck.ts:156
[ 4366582ms] [LOG] [VersionCheck] Check result: {current: 0.2.0, server: 0.3.0, hasUpdate: true, wasDismissed: false} @ http://localhost:5174/src/hooks/useVersionCheck.ts:156
[ 4666591ms] [LOG] [VersionCheck] Check result: {current: 0.2.0, server: 0.3.0, hasUpdate: true, wasDismissed: false} @ http://localhost:5174/src/hooks/useVersionCheck.ts:156
[ 4966593ms] [LOG] [VersionCheck] Check result: {current: 0.2.0, server: 0.3.0, hasUpdate: true, wasDismissed: false} @ http://localhost:5174/src/hooks/useVersionCheck.ts:156
