[     242ms] [INFO] %cDownload the React DevTools for a better development experience: https://reactjs.org/link/react-devtools font-weight:bold @ http://localhost:5174/node_modules/.vite/deps/chunk-PJEEZAML.js?v=c31536a8:21550
[     277ms] [WARNING] ⚠️ React Router Future Flag Warning: React Router will begin wrapping state updates in `React.startTransition` in v7. You can use the `v7_startTransition` future flag to opt-in early. For more information, see https://reactrouter.com/v6/upgrading/future#v7_starttransition. @ http://localhost:5174/node_modules/.vite/deps/react-router-dom.js?v=c31536a8:4435
[     277ms] [WARNING] ⚠️ React Router Future Flag Warning: Relative route resolution within Splat routes is changing in v7. You can use the `v7_relativeSplatPath` future flag to opt-in early. For more information, see https://reactrouter.com/v6/upgrading/future#v7_relativesplatpath. @ http://localhost:5174/node_modules/.vite/deps/react-router-dom.js?v=c31536a8:4435
[    6012ms] [ERROR] Failed to load resource: the server responded with a status of 500 (Internal Server Error) @ http://localhost:3002/api/SaleOrders?offset=0&limit=500:0
[    6024ms] [ERROR] Failed to load resource: the server responded with a status of 500 (Internal Server Error) @ http://localhost:3002/api/SaleOrders?offset=0&limit=100:0
[    6024ms] [ERROR] Payment fetch error: Error: API GET /SaleOrders failed (500): {"offset":0,"limit":20,"totalItems":0,"items":[],"aggregates":null,"error":"column so.userid does not exist"}
    at apiFetch (http://localhost:5174/src/lib/api.ts?t=1775622194437:29:11)
    at async http://localhost:5174/src/hooks/usePayment.ts?t=1775622194437:51:24 @ http://localhost:5174/src/hooks/usePayment.ts?t=1775622194437:63
[    6026ms] [ERROR] Failed to load resource: the server responded with a status of 500 (Internal Server Error) @ http://localhost:3002/api/SaleOrders?offset=0&limit=500:0
[    6037ms] [ERROR] Failed to load resource: the server responded with a status of 500 (Internal Server Error) @ http://localhost:3002/api/SaleOrders?offset=0&limit=100:0
[    6038ms] [ERROR] Payment fetch error: Error: API GET /SaleOrders failed (500): {"offset":0,"limit":20,"totalItems":0,"items":[],"aggregates":null,"error":"column so.userid does not exist"}
    at apiFetch (http://localhost:5174/src/lib/api.ts?t=1775622194437:29:11)
    at async http://localhost:5174/src/hooks/usePayment.ts?t=1775622194437:51:24 @ http://localhost:5174/src/hooks/usePayment.ts?t=1775622194437:63
[    6315ms] [ERROR] Failed to load resource: the server responded with a status of 500 (Internal Server Error) @ http://localhost:3002/api/SaleOrders?offset=0&limit=100:0
[    6315ms] [ERROR] Payment fetch error: Error: API GET /SaleOrders failed (500): {"offset":0,"limit":20,"totalItems":0,"items":[],"aggregates":null,"error":"column so.userid does not exist"}
    at apiFetch (http://localhost:5174/src/lib/api.ts?t=1775622194437:29:11)
    at async http://localhost:5174/src/hooks/usePayment.ts?t=1775622194437:51:24 @ http://localhost:5174/src/hooks/usePayment.ts?t=1775622194437:63
[    6318ms] [ERROR] Failed to load resource: the server responded with a status of 500 (Internal Server Error) @ http://localhost:3002/api/SaleOrders?offset=0&limit=500:0
[   23844ms] [ERROR] WebSocket connection to 'ws://localhost:5174/?token=W6uWORwqxYvv' failed:  @ http://localhost:5174/@vite/client:535
[   23845ms] [LOG] [vite] server connection lost. Polling for restart... @ http://localhost:5174/@vite/client:559
[   25000ms] [INFO] %cDownload the React DevTools for a better development experience: https://reactjs.org/link/react-devtools font-weight:bold @ http://localhost:5174/node_modules/.vite/deps/chunk-PJEEZAML.js?v=c31536a8:21550
[   25011ms] [WARNING] ⚠️ React Router Future Flag Warning: React Router will begin wrapping state updates in `React.startTransition` in v7. You can use the `v7_startTransition` future flag to opt-in early. For more information, see https://reactrouter.com/v6/upgrading/future#v7_starttransition. @ http://localhost:5174/node_modules/.vite/deps/react-router-dom.js?v=c31536a8:4435
[   25011ms] [WARNING] ⚠️ React Router Future Flag Warning: Relative route resolution within Splat routes is changing in v7. You can use the `v7_relativeSplatPath` future flag to opt-in early. For more information, see https://reactrouter.com/v6/upgrading/future#v7_relativesplatpath. @ http://localhost:5174/node_modules/.vite/deps/react-router-dom.js?v=c31536a8:4435
[   25024ms] [ERROR] Failed to load resource: net::ERR_CONNECTION_REFUSED @ http://localhost:3002/api/Auth/me:0
[   25025ms] [ERROR] Failed to load resource: net::ERR_CONNECTION_REFUSED @ http://localhost:3002/api/Auth/me:0
