[      72ms] [INFO] %cDownload the React DevTools for a better development experience: https://reactjs.org/link/react-devtools font-weight:bold @ http://localhost:5173/node_modules/.vite/deps/chunk-BCXODTBQ.js?v=e988b6e4:21548
[     147ms] [WARNING] ⚠️ React Router Future Flag Warning: React Router will begin wrapping state updates in `React.startTransition` in v7. You can use the `v7_startTransition` future flag to opt-in early. For more information, see https://reactrouter.com/v6/upgrading/future#v7_starttransition. @ http://localhost:5173/node_modules/.vite/deps/react-router-dom.js?v=e988b6e4:4433
[     147ms] [WARNING] ⚠️ React Router Future Flag Warning: Relative route resolution within Splat routes is changing in v7. You can use the `v7_relativeSplatPath` future flag to opt-in early. For more information, see https://reactrouter.com/v6/upgrading/future#v7_relativesplatpath. @ http://localhost:5173/node_modules/.vite/deps/react-router-dom.js?v=e988b6e4:4433
[     190ms] [ERROR] Failed to load resource: the server responded with a status of 500 (Internal Server Error) @ http://localhost:3002/api/Appointments?offset=0&limit=100&dateFrom=2026-04-07&dateTo=2026-04-07:0
[     190ms] [ERROR] Failed to load today schedule: Error: API GET /Appointments failed (500): {"errorCode":"INTERNAL_ERROR","message":"relation \"companies\" does not exist"}
    at apiFetch (http://localhost:5173/src/lib/api.ts:25:11)
    at async loadTodaySchedule (http://localhost:5173/src/hooks/useTodaySchedule.ts:15:26) @ http://localhost:5173/src/hooks/useTodaySchedule.ts:23
[     197ms] [ERROR] Failed to load resource: the server responded with a status of 500 (Internal Server Error) @ http://localhost:3002/api/Partners?offset=0&limit=1:0
[     197ms] [ERROR] Failed to load dashboard stats: Error: API GET /Partners failed (500): {"offset":0,"limit":20,"totalItems":0,"items":[],"aggregates":null,"error":"relation \"companies\" does not exist"}
    at apiFetch (http://localhost:5173/src/lib/api.ts:25:11)
    at async loadStats (http://localhost:5173/src/hooks/useDashboardStats.ts:23:34) @ http://localhost:5173/src/hooks/useDashboardStats.ts:37
[     206ms] [ERROR] Failed to load resource: the server responded with a status of 500 (Internal Server Error) @ http://localhost:3002/api/Appointments?offset=0&limit=100&dateFrom=2026-04-07&dateTo=2026-04-07:0
[     207ms] [ERROR] Failed to load today schedule: Error: API GET /Appointments failed (500): {"errorCode":"INTERNAL_ERROR","message":"relation \"companies\" does not exist"}
    at apiFetch (http://localhost:5173/src/lib/api.ts:25:11)
    at async loadTodaySchedule (http://localhost:5173/src/hooks/useTodaySchedule.ts:15:26) @ http://localhost:5173/src/hooks/useTodaySchedule.ts:23
[     212ms] [ERROR] Failed to load resource: the server responded with a status of 500 (Internal Server Error) @ http://localhost:3002/api/Partners?offset=0&limit=1:0
[     213ms] [ERROR] Failed to load dashboard stats: Error: API GET /Partners failed (500): {"offset":0,"limit":20,"totalItems":0,"items":[],"aggregates":null,"error":"relation \"companies\" does not exist"}
    at apiFetch (http://localhost:5173/src/lib/api.ts:25:11)
    at async loadStats (http://localhost:5173/src/hooks/useDashboardStats.ts:23:34) @ http://localhost:5173/src/hooks/useDashboardStats.ts:37
[   18522ms] [INFO] %cDownload the React DevTools for a better development experience: https://reactjs.org/link/react-devtools font-weight:bold @ http://localhost:5173/node_modules/.vite/deps/chunk-BCXODTBQ.js?v=e988b6e4:21548
[   18549ms] [WARNING] ⚠️ React Router Future Flag Warning: React Router will begin wrapping state updates in `React.startTransition` in v7. You can use the `v7_startTransition` future flag to opt-in early. For more information, see https://reactrouter.com/v6/upgrading/future#v7_starttransition. @ http://localhost:5173/node_modules/.vite/deps/react-router-dom.js?v=e988b6e4:4433
[   18549ms] [WARNING] ⚠️ React Router Future Flag Warning: Relative route resolution within Splat routes is changing in v7. You can use the `v7_relativeSplatPath` future flag to opt-in early. For more information, see https://reactrouter.com/v6/upgrading/future#v7_relativesplatpath. @ http://localhost:5173/node_modules/.vite/deps/react-router-dom.js?v=e988b6e4:4433
[   18572ms] [ERROR] Failed to load resource: the server responded with a status of 500 (Internal Server Error) @ http://localhost:3002/api/Appointments?offset=0&limit=200&dateFrom=2026-04-06&dateTo=2026-04-12:0
[   18572ms] [ERROR] Failed to load calendar appointments: Error: API GET /Appointments failed (500): {"errorCode":"INTERNAL_ERROR","message":"relation \"companies\" does not exist"}
    at apiFetch (http://localhost:5173/src/lib/api.ts:25:11)
    at async loadAppointments (http://localhost:5173/src/hooks/useCalendarData.ts:44:26) @ http://localhost:5173/src/hooks/useCalendarData.ts:52
[   18581ms] [ERROR] Failed to load resource: the server responded with a status of 500 (Internal Server Error) @ http://localhost:3002/api/Appointments?offset=0&limit=200&dateFrom=2026-04-06&dateTo=2026-04-12:0
[   18581ms] [ERROR] Failed to load calendar appointments: Error: API GET /Appointments failed (500): {"errorCode":"INTERNAL_ERROR","message":"relation \"companies\" does not exist"}
    at apiFetch (http://localhost:5173/src/lib/api.ts:25:11)
    at async loadAppointments (http://localhost:5173/src/hooks/useCalendarData.ts:44:26) @ http://localhost:5173/src/hooks/useCalendarData.ts:52
[   20186ms] [INFO] %cDownload the React DevTools for a better development experience: https://reactjs.org/link/react-devtools font-weight:bold @ http://localhost:5173/node_modules/.vite/deps/chunk-BCXODTBQ.js?v=e988b6e4:21548
[   20197ms] [WARNING] ⚠️ React Router Future Flag Warning: React Router will begin wrapping state updates in `React.startTransition` in v7. You can use the `v7_startTransition` future flag to opt-in early. For more information, see https://reactrouter.com/v6/upgrading/future#v7_starttransition. @ http://localhost:5173/node_modules/.vite/deps/react-router-dom.js?v=e988b6e4:4433
[   20197ms] [WARNING] ⚠️ React Router Future Flag Warning: Relative route resolution within Splat routes is changing in v7. You can use the `v7_relativeSplatPath` future flag to opt-in early. For more information, see https://reactrouter.com/v6/upgrading/future#v7_relativesplatpath. @ http://localhost:5173/node_modules/.vite/deps/react-router-dom.js?v=e988b6e4:4433
[   20203ms] [ERROR] Failed to load resource: the server responded with a status of 500 (Internal Server Error) @ http://localhost:3002/api/Partners?offset=0&limit=200:0
[   20204ms] [ERROR] useCustomers: fetch error Error: API GET /Partners failed (500): {"offset":0,"limit":20,"totalItems":0,"items":[],"aggregates":null,"error":"relation \"companies\" does not exist"}
    at apiFetch (http://localhost:5173/src/lib/api.ts:25:11)
    at async http://localhost:5173/src/hooks/useCustomers.ts:47:19 @ http://localhost:5173/src/hooks/useCustomers.ts:61
[   20205ms] [ERROR] Failed to load resource: the server responded with a status of 500 (Internal Server Error) @ http://localhost:3002/api/Partners?offset=0&limit=200:0
[   20205ms] [ERROR] useCustomers: fetch error Error: API GET /Partners failed (500): {"offset":0,"limit":20,"totalItems":0,"items":[],"aggregates":null,"error":"relation \"companies\" does not exist"}
    at apiFetch (http://localhost:5173/src/lib/api.ts:25:11)
    at async http://localhost:5173/src/hooks/useCustomers.ts:47:19 @ http://localhost:5173/src/hooks/useCustomers.ts:61
[   21847ms] [INFO] %cDownload the React DevTools for a better development experience: https://reactjs.org/link/react-devtools font-weight:bold @ http://localhost:5173/node_modules/.vite/deps/chunk-BCXODTBQ.js?v=e988b6e4:21548
[   21865ms] [WARNING] ⚠️ React Router Future Flag Warning: React Router will begin wrapping state updates in `React.startTransition` in v7. You can use the `v7_startTransition` future flag to opt-in early. For more information, see https://reactrouter.com/v6/upgrading/future#v7_starttransition. @ http://localhost:5173/node_modules/.vite/deps/react-router-dom.js?v=e988b6e4:4433
[   21865ms] [WARNING] ⚠️ React Router Future Flag Warning: Relative route resolution within Splat routes is changing in v7. You can use the `v7_relativeSplatPath` future flag to opt-in early. For more information, see https://reactrouter.com/v6/upgrading/future#v7_relativesplatpath. @ http://localhost:5173/node_modules/.vite/deps/react-router-dom.js?v=e988b6e4:4433
[   21870ms] [ERROR] Failed to load resource: the server responded with a status of 500 (Internal Server Error) @ http://localhost:3002/api/Appointments?offset=0&limit=200:0
[   21870ms] [ERROR] Failed to fetch appointments: Error: API GET /Appointments failed (500): {"errorCode":"INTERNAL_ERROR","message":"relation \"companies\" does not exist"}
    at apiFetch (http://localhost:5173/src/lib/api.ts:25:11)
    at async http://localhost:5173/src/hooks/useAppointments.ts:86:24 @ http://localhost:5173/src/hooks/useAppointments.ts:94
[   21875ms] [ERROR] Failed to load resource: the server responded with a status of 500 (Internal Server Error) @ http://localhost:3002/api/Appointments?offset=0&limit=200:0
[   21875ms] [ERROR] Failed to fetch appointments: Error: API GET /Appointments failed (500): {"errorCode":"INTERNAL_ERROR","message":"relation \"companies\" does not exist"}
    at apiFetch (http://localhost:5173/src/lib/api.ts:25:11)
    at async http://localhost:5173/src/hooks/useAppointments.ts:86:24 @ http://localhost:5173/src/hooks/useAppointments.ts:94
[   21885ms] [ERROR] Failed to load resource: the server responded with a status of 500 (Internal Server Error) @ http://localhost:3002/api/Appointments?offset=0&limit=200:0
[   21886ms] [ERROR] Failed to fetch appointments: Error: API GET /Appointments failed (500): {"errorCode":"INTERNAL_ERROR","message":"relation \"companies\" does not exist"}
    at apiFetch (http://localhost:5173/src/lib/api.ts:25:11)
    at async http://localhost:5173/src/hooks/useAppointments.ts:86:24 @ http://localhost:5173/src/hooks/useAppointments.ts:94
[   21891ms] [ERROR] Failed to load resource: the server responded with a status of 500 (Internal Server Error) @ http://localhost:3002/api/Appointments?offset=0&limit=200:0
[   21891ms] [ERROR] Failed to fetch appointments: Error: API GET /Appointments failed (500): {"errorCode":"INTERNAL_ERROR","message":"relation \"companies\" does not exist"}
    at apiFetch (http://localhost:5173/src/lib/api.ts:25:11)
    at async http://localhost:5173/src/hooks/useAppointments.ts:86:24 @ http://localhost:5173/src/hooks/useAppointments.ts:94
[   23490ms] [INFO] %cDownload the React DevTools for a better development experience: https://reactjs.org/link/react-devtools font-weight:bold @ http://localhost:5173/node_modules/.vite/deps/chunk-BCXODTBQ.js?v=e988b6e4:21548
[   23503ms] [WARNING] ⚠️ React Router Future Flag Warning: React Router will begin wrapping state updates in `React.startTransition` in v7. You can use the `v7_startTransition` future flag to opt-in early. For more information, see https://reactrouter.com/v6/upgrading/future#v7_starttransition. @ http://localhost:5173/node_modules/.vite/deps/react-router-dom.js?v=e988b6e4:4433
[   23503ms] [WARNING] ⚠️ React Router Future Flag Warning: Relative route resolution within Splat routes is changing in v7. You can use the `v7_relativeSplatPath` future flag to opt-in early. For more information, see https://reactrouter.com/v6/upgrading/future#v7_relativesplatpath. @ http://localhost:5173/node_modules/.vite/deps/react-router-dom.js?v=e988b6e4:4433
[   23508ms] [ERROR] Failed to load resource: the server responded with a status of 500 (Internal Server Error) @ http://localhost:3002/api/SaleOrders?offset=0&limit=500:0
[   23513ms] [ERROR] Failed to load resource: the server responded with a status of 500 (Internal Server Error) @ http://localhost:3002/api/SaleOrders?offset=0&limit=500:0
[   23808ms] [ERROR] Failed to load resource: the server responded with a status of 500 (Internal Server Error) @ http://localhost:3002/api/SaleOrders?offset=0&limit=500:0
[   25406ms] [INFO] %cDownload the React DevTools for a better development experience: https://reactjs.org/link/react-devtools font-weight:bold @ http://localhost:5173/node_modules/.vite/deps/chunk-BCXODTBQ.js?v=e988b6e4:21548
[   25418ms] [WARNING] ⚠️ React Router Future Flag Warning: React Router will begin wrapping state updates in `React.startTransition` in v7. You can use the `v7_startTransition` future flag to opt-in early. For more information, see https://reactrouter.com/v6/upgrading/future#v7_starttransition. @ http://localhost:5173/node_modules/.vite/deps/react-router-dom.js?v=e988b6e4:4433
[   25418ms] [WARNING] ⚠️ React Router Future Flag Warning: Relative route resolution within Splat routes is changing in v7. You can use the `v7_relativeSplatPath` future flag to opt-in early. For more information, see https://reactrouter.com/v6/upgrading/future#v7_relativesplatpath. @ http://localhost:5173/node_modules/.vite/deps/react-router-dom.js?v=e988b6e4:4433
[   25425ms] [ERROR] Failed to load resource: the server responded with a status of 500 (Internal Server Error) @ http://localhost:3002/api/SaleOrders?offset=0&limit=100:0
[   25425ms] [ERROR] Payment fetch error: Error: API GET /SaleOrders failed (500): {"offset":0,"limit":20,"totalItems":0,"items":[],"aggregates":null,"error":"relation \"saleorders\" does not exist"}
    at apiFetch (http://localhost:5173/src/lib/api.ts:25:11)
    at async http://localhost:5173/src/hooks/usePayment.ts:51:24 @ http://localhost:5173/src/hooks/usePayment.ts:62
[   25428ms] [ERROR] Failed to load resource: the server responded with a status of 500 (Internal Server Error) @ http://localhost:3002/api/SaleOrders?offset=0&limit=100:0
[   25428ms] [ERROR] Payment fetch error: Error: API GET /SaleOrders failed (500): {"offset":0,"limit":20,"totalItems":0,"items":[],"aggregates":null,"error":"relation \"saleorders\" does not exist"}
    at apiFetch (http://localhost:5173/src/lib/api.ts:25:11)
    at async http://localhost:5173/src/hooks/usePayment.ts:51:24 @ http://localhost:5173/src/hooks/usePayment.ts:62
[   25725ms] [ERROR] Failed to load resource: the server responded with a status of 500 (Internal Server Error) @ http://localhost:3002/api/SaleOrders?offset=0&limit=100:0
[   25725ms] [ERROR] Payment fetch error: Error: API GET /SaleOrders failed (500): {"offset":0,"limit":20,"totalItems":0,"items":[],"aggregates":null,"error":"relation \"saleorders\" does not exist"}
    at apiFetch (http://localhost:5173/src/lib/api.ts:25:11)
    at async http://localhost:5173/src/hooks/usePayment.ts:51:24 @ http://localhost:5173/src/hooks/usePayment.ts:62
[   27323ms] [INFO] %cDownload the React DevTools for a better development experience: https://reactjs.org/link/react-devtools font-weight:bold @ http://localhost:5173/node_modules/.vite/deps/chunk-BCXODTBQ.js?v=e988b6e4:21548
[   27334ms] [WARNING] ⚠️ React Router Future Flag Warning: React Router will begin wrapping state updates in `React.startTransition` in v7. You can use the `v7_startTransition` future flag to opt-in early. For more information, see https://reactrouter.com/v6/upgrading/future#v7_starttransition. @ http://localhost:5173/node_modules/.vite/deps/react-router-dom.js?v=e988b6e4:4433
[   27334ms] [WARNING] ⚠️ React Router Future Flag Warning: Relative route resolution within Splat routes is changing in v7. You can use the `v7_relativeSplatPath` future flag to opt-in early. For more information, see https://reactrouter.com/v6/upgrading/future#v7_relativesplatpath. @ http://localhost:5173/node_modules/.vite/deps/react-router-dom.js?v=e988b6e4:4433
[   27340ms] [ERROR] Failed to load resource: the server responded with a status of 500 (Internal Server Error) @ http://localhost:3002/api/Employees?offset=0&limit=500:0
[   27340ms] [ERROR] Error fetching employees: Error: API GET /Employees failed (500): {"offset":0,"limit":20,"totalItems":0,"items":[],"error":"relation \"companies\" does not exist"}
    at apiFetch (http://localhost:5173/src/lib/api.ts:25:11)
    at async http://localhost:5173/src/hooks/useEmployees.ts:62:24 @ http://localhost:5173/src/hooks/useEmployees.ts:80
[   27344ms] [ERROR] Failed to load resource: the server responded with a status of 500 (Internal Server Error) @ http://localhost:3002/api/Employees?offset=0&limit=500:0
[   27344ms] [ERROR] Error fetching employees: Error: API GET /Employees failed (500): {"offset":0,"limit":20,"totalItems":0,"items":[],"error":"relation \"companies\" does not exist"}
    at apiFetch (http://localhost:5173/src/lib/api.ts:25:11)
    at async http://localhost:5173/src/hooks/useEmployees.ts:62:24 @ http://localhost:5173/src/hooks/useEmployees.ts:80
[   27647ms] [ERROR] Failed to load resource: the server responded with a status of 500 (Internal Server Error) @ http://localhost:3002/api/Employees?offset=0&limit=500:0
[   27647ms] [ERROR] Error fetching employees: Error: API GET /Employees failed (500): {"offset":0,"limit":20,"totalItems":0,"items":[],"error":"relation \"companies\" does not exist"}
    at apiFetch (http://localhost:5173/src/lib/api.ts:25:11)
    at async http://localhost:5173/src/hooks/useEmployees.ts:62:24 @ http://localhost:5173/src/hooks/useEmployees.ts:80
[   29246ms] [INFO] %cDownload the React DevTools for a better development experience: https://reactjs.org/link/react-devtools font-weight:bold @ http://localhost:5173/node_modules/.vite/deps/chunk-BCXODTBQ.js?v=e988b6e4:21548
[   29258ms] [WARNING] ⚠️ React Router Future Flag Warning: React Router will begin wrapping state updates in `React.startTransition` in v7. You can use the `v7_startTransition` future flag to opt-in early. For more information, see https://reactrouter.com/v6/upgrading/future#v7_starttransition. @ http://localhost:5173/node_modules/.vite/deps/react-router-dom.js?v=e988b6e4:4433
[   29258ms] [WARNING] ⚠️ React Router Future Flag Warning: Relative route resolution within Splat routes is changing in v7. You can use the `v7_relativeSplatPath` future flag to opt-in early. For more information, see https://reactrouter.com/v6/upgrading/future#v7_relativesplatpath. @ http://localhost:5173/node_modules/.vite/deps/react-router-dom.js?v=e988b6e4:4433
[   30909ms] [INFO] %cDownload the React DevTools for a better development experience: https://reactjs.org/link/react-devtools font-weight:bold @ http://localhost:5173/node_modules/.vite/deps/chunk-BCXODTBQ.js?v=e988b6e4:21548
[   30919ms] [WARNING] ⚠️ React Router Future Flag Warning: React Router will begin wrapping state updates in `React.startTransition` in v7. You can use the `v7_startTransition` future flag to opt-in early. For more information, see https://reactrouter.com/v6/upgrading/future#v7_starttransition. @ http://localhost:5173/node_modules/.vite/deps/react-router-dom.js?v=e988b6e4:4433
[   30919ms] [WARNING] ⚠️ React Router Future Flag Warning: Relative route resolution within Splat routes is changing in v7. You can use the `v7_relativeSplatPath` future flag to opt-in early. For more information, see https://reactrouter.com/v6/upgrading/future#v7_relativesplatpath. @ http://localhost:5173/node_modules/.vite/deps/react-router-dom.js?v=e988b6e4:4433
[   30932ms] [ERROR] Failed to load resource: the server responded with a status of 500 (Internal Server Error) @ http://localhost:3002/api/Partners?offset=0&limit=1:0
[   30932ms] [ERROR] Failed to load resource: the server responded with a status of 500 (Internal Server Error) @ http://localhost:3002/api/Appointments?offset=0&limit=100&dateFrom=2026-04-07&dateTo=2026-04-07:0
[   30933ms] [ERROR] Failed to load dashboard stats: Error: API GET /Partners failed (500): {"offset":0,"limit":20,"totalItems":0,"items":[],"aggregates":null,"error":"relation \"companies\" does not exist"}
    at apiFetch (http://localhost:5173/src/lib/api.ts:25:11)
    at async loadStats (http://localhost:5173/src/hooks/useDashboardStats.ts:23:34) @ http://localhost:5173/src/hooks/useDashboardStats.ts:37
[   30933ms] [ERROR] Failed to load today schedule: Error: API GET /Appointments failed (500): {"errorCode":"INTERNAL_ERROR","message":"relation \"companies\" does not exist"}
    at apiFetch (http://localhost:5173/src/lib/api.ts:25:11)
    at async loadTodaySchedule (http://localhost:5173/src/hooks/useTodaySchedule.ts:15:26) @ http://localhost:5173/src/hooks/useTodaySchedule.ts:23
[   30940ms] [ERROR] Failed to load resource: the server responded with a status of 500 (Internal Server Error) @ http://localhost:3002/api/Partners?offset=0&limit=1:0
[   30940ms] [ERROR] Failed to load dashboard stats: Error: API GET /Partners failed (500): {"offset":0,"limit":20,"totalItems":0,"items":[],"aggregates":null,"error":"relation \"companies\" does not exist"}
    at apiFetch (http://localhost:5173/src/lib/api.ts:25:11)
    at async loadStats (http://localhost:5173/src/hooks/useDashboardStats.ts:23:34) @ http://localhost:5173/src/hooks/useDashboardStats.ts:37
[   30941ms] [ERROR] Failed to load resource: the server responded with a status of 500 (Internal Server Error) @ http://localhost:3002/api/Appointments?offset=0&limit=100&dateFrom=2026-04-07&dateTo=2026-04-07:0
[   30941ms] [ERROR] Failed to load today schedule: Error: API GET /Appointments failed (500): {"errorCode":"INTERNAL_ERROR","message":"relation \"companies\" does not exist"}
    at apiFetch (http://localhost:5173/src/lib/api.ts:25:11)
    at async loadTodaySchedule (http://localhost:5173/src/hooks/useTodaySchedule.ts:15:26) @ http://localhost:5173/src/hooks/useTodaySchedule.ts:23
[   32603ms] [INFO] %cDownload the React DevTools for a better development experience: https://reactjs.org/link/react-devtools font-weight:bold @ http://localhost:5173/node_modules/.vite/deps/chunk-BCXODTBQ.js?v=e988b6e4:21548
[   32621ms] [WARNING] ⚠️ React Router Future Flag Warning: React Router will begin wrapping state updates in `React.startTransition` in v7. You can use the `v7_startTransition` future flag to opt-in early. For more information, see https://reactrouter.com/v6/upgrading/future#v7_starttransition. @ http://localhost:5173/node_modules/.vite/deps/react-router-dom.js?v=e988b6e4:4433
[   32621ms] [WARNING] ⚠️ React Router Future Flag Warning: Relative route resolution within Splat routes is changing in v7. You can use the `v7_relativeSplatPath` future flag to opt-in early. For more information, see https://reactrouter.com/v6/upgrading/future#v7_relativesplatpath. @ http://localhost:5173/node_modules/.vite/deps/react-router-dom.js?v=e988b6e4:4433
[   34251ms] [INFO] %cDownload the React DevTools for a better development experience: https://reactjs.org/link/react-devtools font-weight:bold @ http://localhost:5173/node_modules/.vite/deps/chunk-BCXODTBQ.js?v=e988b6e4:21548
[   34267ms] [WARNING] ⚠️ React Router Future Flag Warning: React Router will begin wrapping state updates in `React.startTransition` in v7. You can use the `v7_startTransition` future flag to opt-in early. For more information, see https://reactrouter.com/v6/upgrading/future#v7_starttransition. @ http://localhost:5173/node_modules/.vite/deps/react-router-dom.js?v=e988b6e4:4433
[   34267ms] [WARNING] ⚠️ React Router Future Flag Warning: Relative route resolution within Splat routes is changing in v7. You can use the `v7_relativeSplatPath` future flag to opt-in early. For more information, see https://reactrouter.com/v6/upgrading/future#v7_relativesplatpath. @ http://localhost:5173/node_modules/.vite/deps/react-router-dom.js?v=e988b6e4:4433
[   66147ms] [ERROR] Failed to load resource: the server responded with a status of 500 (Internal Server Error) @ http://localhost:3002/api/Partners?offset=0&limit=1:0
[   66149ms] [ERROR] Failed to load resource: the server responded with a status of 500 (Internal Server Error) @ http://localhost:3002/api/Appointments?offset=0&limit=100&dateFrom=2026-04-07&dateTo=2026-04-07:0
[   66149ms] [ERROR] Failed to load dashboard stats: Error: API GET /Partners failed (500): {"offset":0,"limit":20,"totalItems":0,"items":[],"aggregates":null,"error":"relation \"companies\" does not exist"}
    at apiFetch (http://localhost:5173/src/lib/api.ts:25:11)
    at async loadStats (http://localhost:5173/src/hooks/useDashboardStats.ts:23:34) @ http://localhost:5173/src/hooks/useDashboardStats.ts:37
[   66150ms] [ERROR] Failed to load today schedule: Error: API GET /Appointments failed (500): {"errorCode":"INTERNAL_ERROR","message":"relation \"companies\" does not exist"}
    at apiFetch (http://localhost:5173/src/lib/api.ts:25:11)
    at async loadTodaySchedule (http://localhost:5173/src/hooks/useTodaySchedule.ts:15:26) @ http://localhost:5173/src/hooks/useTodaySchedule.ts:23
[   66155ms] [ERROR] Failed to load resource: the server responded with a status of 500 (Internal Server Error) @ http://localhost:3002/api/Partners?offset=0&limit=1:0
[   66155ms] [ERROR] Failed to load dashboard stats: Error: API GET /Partners failed (500): {"offset":0,"limit":20,"totalItems":0,"items":[],"aggregates":null,"error":"relation \"companies\" does not exist"}
    at apiFetch (http://localhost:5173/src/lib/api.ts:25:11)
    at async loadStats (http://localhost:5173/src/hooks/useDashboardStats.ts:23:34) @ http://localhost:5173/src/hooks/useDashboardStats.ts:37
[   66157ms] [ERROR] Failed to load resource: the server responded with a status of 500 (Internal Server Error) @ http://localhost:3002/api/Appointments?offset=0&limit=100&dateFrom=2026-04-07&dateTo=2026-04-07:0
[   66158ms] [ERROR] Failed to load today schedule: Error: API GET /Appointments failed (500): {"errorCode":"INTERNAL_ERROR","message":"relation \"companies\" does not exist"}
    at apiFetch (http://localhost:5173/src/lib/api.ts:25:11)
    at async loadTodaySchedule (http://localhost:5173/src/hooks/useTodaySchedule.ts:15:26) @ http://localhost:5173/src/hooks/useTodaySchedule.ts:23
[   67595ms] [ERROR] Failed to load resource: the server responded with a status of 500 (Internal Server Error) @ http://localhost:3002/api/Appointments?offset=0&limit=200&dateFrom=2026-04-06&dateTo=2026-04-12:0
[   67595ms] [ERROR] Failed to load calendar appointments: Error: API GET /Appointments failed (500): {"errorCode":"INTERNAL_ERROR","message":"relation \"companies\" does not exist"}
    at apiFetch (http://localhost:5173/src/lib/api.ts:25:11)
    at async loadAppointments (http://localhost:5173/src/hooks/useCalendarData.ts:44:26) @ http://localhost:5173/src/hooks/useCalendarData.ts:52
[   67601ms] [ERROR] Failed to load resource: the server responded with a status of 500 (Internal Server Error) @ http://localhost:3002/api/Appointments?offset=0&limit=200&dateFrom=2026-04-06&dateTo=2026-04-12:0
[   67601ms] [ERROR] Failed to load calendar appointments: Error: API GET /Appointments failed (500): {"errorCode":"INTERNAL_ERROR","message":"relation \"companies\" does not exist"}
    at apiFetch (http://localhost:5173/src/lib/api.ts:25:11)
    at async loadAppointments (http://localhost:5173/src/hooks/useCalendarData.ts:44:26) @ http://localhost:5173/src/hooks/useCalendarData.ts:52
[   68968ms] [ERROR] Failed to load resource: the server responded with a status of 500 (Internal Server Error) @ http://localhost:3002/api/Partners?offset=0&limit=1:0
[   68968ms] [ERROR] Failed to load dashboard stats: Error: API GET /Partners failed (500): {"offset":0,"limit":20,"totalItems":0,"items":[],"aggregates":null,"error":"relation \"companies\" does not exist"}
    at apiFetch (http://localhost:5173/src/lib/api.ts:25:11)
    at async loadStats (http://localhost:5173/src/hooks/useDashboardStats.ts:23:34) @ http://localhost:5173/src/hooks/useDashboardStats.ts:37
[   68971ms] [ERROR] Failed to load resource: the server responded with a status of 500 (Internal Server Error) @ http://localhost:3002/api/Appointments?offset=0&limit=100&dateFrom=2026-04-07&dateTo=2026-04-07:0
[   68971ms] [ERROR] Failed to load today schedule: Error: API GET /Appointments failed (500): {"errorCode":"INTERNAL_ERROR","message":"relation \"companies\" does not exist"}
    at apiFetch (http://localhost:5173/src/lib/api.ts:25:11)
    at async loadTodaySchedule (http://localhost:5173/src/hooks/useTodaySchedule.ts:15:26) @ http://localhost:5173/src/hooks/useTodaySchedule.ts:23
[   68973ms] [ERROR] Failed to load resource: the server responded with a status of 500 (Internal Server Error) @ http://localhost:3002/api/Partners?offset=0&limit=1:0
[   68973ms] [ERROR] Failed to load dashboard stats: Error: API GET /Partners failed (500): {"offset":0,"limit":20,"totalItems":0,"items":[],"aggregates":null,"error":"relation \"companies\" does not exist"}
    at apiFetch (http://localhost:5173/src/lib/api.ts:25:11)
    at async loadStats (http://localhost:5173/src/hooks/useDashboardStats.ts:23:34) @ http://localhost:5173/src/hooks/useDashboardStats.ts:37
[   68974ms] [ERROR] Failed to load resource: the server responded with a status of 500 (Internal Server Error) @ http://localhost:3002/api/Appointments?offset=0&limit=100&dateFrom=2026-04-07&dateTo=2026-04-07:0
[   68974ms] [ERROR] Failed to load today schedule: Error: API GET /Appointments failed (500): {"errorCode":"INTERNAL_ERROR","message":"relation \"companies\" does not exist"}
    at apiFetch (http://localhost:5173/src/lib/api.ts:25:11)
    at async loadTodaySchedule (http://localhost:5173/src/hooks/useTodaySchedule.ts:15:26) @ http://localhost:5173/src/hooks/useTodaySchedule.ts:23
[   69464ms] [ERROR] Failed to load resource: the server responded with a status of 500 (Internal Server Error) @ http://localhost:3002/api/Partners?offset=0&limit=200:0
[   69464ms] [ERROR] useCustomers: fetch error Error: API GET /Partners failed (500): {"offset":0,"limit":20,"totalItems":0,"items":[],"aggregates":null,"error":"relation \"companies\" does not exist"}
    at apiFetch (http://localhost:5173/src/lib/api.ts:25:11)
    at async http://localhost:5173/src/hooks/useCustomers.ts:47:19 @ http://localhost:5173/src/hooks/useCustomers.ts:61
[   69471ms] [ERROR] Failed to load resource: the server responded with a status of 500 (Internal Server Error) @ http://localhost:3002/api/Partners?offset=0&limit=200:0
[   69471ms] [ERROR] useCustomers: fetch error Error: API GET /Partners failed (500): {"offset":0,"limit":20,"totalItems":0,"items":[],"aggregates":null,"error":"relation \"companies\" does not exist"}
    at apiFetch (http://localhost:5173/src/lib/api.ts:25:11)
    at async http://localhost:5173/src/hooks/useCustomers.ts:47:19 @ http://localhost:5173/src/hooks/useCustomers.ts:61
[   69867ms] [ERROR] Failed to load resource: the server responded with a status of 500 (Internal Server Error) @ http://localhost:3002/api/Employees?offset=0&limit=500:0
[   69867ms] [ERROR] Error fetching employees: Error: API GET /Employees failed (500): {"offset":0,"limit":20,"totalItems":0,"items":[],"error":"relation \"companies\" does not exist"}
    at apiFetch (http://localhost:5173/src/lib/api.ts:25:11)
    at async http://localhost:5173/src/hooks/useEmployees.ts:62:24 @ http://localhost:5173/src/hooks/useEmployees.ts:80
[   69871ms] [ERROR] Failed to load resource: the server responded with a status of 500 (Internal Server Error) @ http://localhost:3002/api/Employees?offset=0&limit=500:0
[   69871ms] [ERROR] Error fetching employees: Error: API GET /Employees failed (500): {"offset":0,"limit":20,"totalItems":0,"items":[],"error":"relation \"companies\" does not exist"}
    at apiFetch (http://localhost:5173/src/lib/api.ts:25:11)
    at async http://localhost:5173/src/hooks/useEmployees.ts:62:24 @ http://localhost:5173/src/hooks/useEmployees.ts:80
[   70167ms] [ERROR] Failed to load resource: the server responded with a status of 500 (Internal Server Error) @ http://localhost:3002/api/Employees?offset=0&limit=500:0
[   70167ms] [ERROR] Error fetching employees: Error: API GET /Employees failed (500): {"offset":0,"limit":20,"totalItems":0,"items":[],"error":"relation \"companies\" does not exist"}
    at apiFetch (http://localhost:5173/src/lib/api.ts:25:11)
    at async http://localhost:5173/src/hooks/useEmployees.ts:62:24 @ http://localhost:5173/src/hooks/useEmployees.ts:80
[   72342ms] [ERROR] Failed to load resource: the server responded with a status of 500 (Internal Server Error) @ http://localhost:3002/api/Employees?offset=0&limit=500:0
[   72342ms] [ERROR] Error fetching employees: Error: API GET /Employees failed (500): {"offset":0,"limit":20,"totalItems":0,"items":[],"error":"relation \"companies\" does not exist"}
    at apiFetch (http://localhost:5173/src/lib/api.ts:25:11)
    at async http://localhost:5173/src/hooks/useEmployees.ts:62:24 @ http://localhost:5173/src/hooks/useEmployees.ts:80
[   72347ms] [ERROR] Failed to load resource: the server responded with a status of 500 (Internal Server Error) @ http://localhost:3002/api/Employees?offset=0&limit=500:0
[   72347ms] [ERROR] Error fetching employees: Error: API GET /Employees failed (500): {"offset":0,"limit":20,"totalItems":0,"items":[],"error":"relation \"companies\" does not exist"}
    at apiFetch (http://localhost:5173/src/lib/api.ts:25:11)
    at async http://localhost:5173/src/hooks/useEmployees.ts:62:24 @ http://localhost:5173/src/hooks/useEmployees.ts:80
[   72641ms] [ERROR] Failed to load resource: the server responded with a status of 500 (Internal Server Error) @ http://localhost:3002/api/Employees?offset=0&limit=500:0
[   72642ms] [ERROR] Error fetching employees: Error: API GET /Employees failed (500): {"offset":0,"limit":20,"totalItems":0,"items":[],"error":"relation \"companies\" does not exist"}
    at apiFetch (http://localhost:5173/src/lib/api.ts:25:11)
    at async http://localhost:5173/src/hooks/useEmployees.ts:62:24 @ http://localhost:5173/src/hooks/useEmployees.ts:80
[   73465ms] [ERROR] Failed to load resource: the server responded with a status of 500 (Internal Server Error) @ http://localhost:3002/api/Partners?offset=0&limit=200:0
[   73465ms] [ERROR] useCustomers: fetch error Error: API GET /Partners failed (500): {"offset":0,"limit":20,"totalItems":0,"items":[],"aggregates":null,"error":"relation \"companies\" does not exist"}
    at apiFetch (http://localhost:5173/src/lib/api.ts:25:11)
    at async http://localhost:5173/src/hooks/useCustomers.ts:47:19 @ http://localhost:5173/src/hooks/useCustomers.ts:61
[   73469ms] [ERROR] Failed to load resource: the server responded with a status of 500 (Internal Server Error) @ http://localhost:3002/api/Partners?offset=0&limit=200:0
[   73469ms] [ERROR] useCustomers: fetch error Error: API GET /Partners failed (500): {"offset":0,"limit":20,"totalItems":0,"items":[],"aggregates":null,"error":"relation \"companies\" does not exist"}
    at apiFetch (http://localhost:5173/src/lib/api.ts:25:11)
    at async http://localhost:5173/src/hooks/useCustomers.ts:47:19 @ http://localhost:5173/src/hooks/useCustomers.ts:61
[   73964ms] [ERROR] Failed to load resource: the server responded with a status of 500 (Internal Server Error) @ http://localhost:3002/api/Appointments?offset=0&limit=200&dateFrom=2026-04-06&dateTo=2026-04-12:0
[   73964ms] [ERROR] Failed to load calendar appointments: Error: API GET /Appointments failed (500): {"errorCode":"INTERNAL_ERROR","message":"relation \"companies\" does not exist"}
    at apiFetch (http://localhost:5173/src/lib/api.ts:25:11)
    at async loadAppointments (http://localhost:5173/src/hooks/useCalendarData.ts:44:26) @ http://localhost:5173/src/hooks/useCalendarData.ts:52
[   73973ms] [ERROR] Failed to load resource: the server responded with a status of 500 (Internal Server Error) @ http://localhost:3002/api/Appointments?offset=0&limit=200&dateFrom=2026-04-06&dateTo=2026-04-12:0
[   73974ms] [ERROR] Failed to load calendar appointments: Error: API GET /Appointments failed (500): {"errorCode":"INTERNAL_ERROR","message":"relation \"companies\" does not exist"}
    at apiFetch (http://localhost:5173/src/lib/api.ts:25:11)
    at async loadAppointments (http://localhost:5173/src/hooks/useCalendarData.ts:44:26) @ http://localhost:5173/src/hooks/useCalendarData.ts:52
[   75110ms] [ERROR] Failed to load resource: the server responded with a status of 500 (Internal Server Error) @ http://localhost:3002/api/Appointments?offset=0&limit=100&dateFrom=2026-04-07&dateTo=2026-04-07:0
[   75110ms] [ERROR] Failed to load today schedule: Error: API GET /Appointments failed (500): {"errorCode":"INTERNAL_ERROR","message":"relation \"companies\" does not exist"}
    at apiFetch (http://localhost:5173/src/lib/api.ts:25:11)
    at async loadTodaySchedule (http://localhost:5173/src/hooks/useTodaySchedule.ts:15:26) @ http://localhost:5173/src/hooks/useTodaySchedule.ts:23
[   75112ms] [ERROR] Failed to load resource: the server responded with a status of 500 (Internal Server Error) @ http://localhost:3002/api/Partners?offset=0&limit=1:0
[   75112ms] [ERROR] Failed to load dashboard stats: Error: API GET /Partners failed (500): {"offset":0,"limit":20,"totalItems":0,"items":[],"aggregates":null,"error":"relation \"companies\" does not exist"}
    at apiFetch (http://localhost:5173/src/lib/api.ts:25:11)
    at async loadStats (http://localhost:5173/src/hooks/useDashboardStats.ts:23:34) @ http://localhost:5173/src/hooks/useDashboardStats.ts:37
[   75118ms] [ERROR] Failed to load resource: the server responded with a status of 500 (Internal Server Error) @ http://localhost:3002/api/Appointments?offset=0&limit=100&dateFrom=2026-04-07&dateTo=2026-04-07:0
[   75118ms] [ERROR] Failed to load today schedule: Error: API GET /Appointments failed (500): {"errorCode":"INTERNAL_ERROR","message":"relation \"companies\" does not exist"}
    at apiFetch (http://localhost:5173/src/lib/api.ts:25:11)
    at async loadTodaySchedule (http://localhost:5173/src/hooks/useTodaySchedule.ts:15:26) @ http://localhost:5173/src/hooks/useTodaySchedule.ts:23
[   75119ms] [ERROR] Failed to load resource: the server responded with a status of 500 (Internal Server Error) @ http://localhost:3002/api/Partners?offset=0&limit=1:0
[   75120ms] [ERROR] Failed to load dashboard stats: Error: API GET /Partners failed (500): {"offset":0,"limit":20,"totalItems":0,"items":[],"aggregates":null,"error":"relation \"companies\" does not exist"}
    at apiFetch (http://localhost:5173/src/lib/api.ts:25:11)
    at async loadStats (http://localhost:5173/src/hooks/useDashboardStats.ts:23:34) @ http://localhost:5173/src/hooks/useDashboardStats.ts:37
